<?xml version="1.0" encoding="utf-8" standalone="no"?>
<!--This file represents the results of running a test suite-->
<test-results name="minge-unit-tests.dll" total="6" failures="1" not-run="0" date="2010-02-27" time="13:13:55">
  <environment nunit-version="2.4.8.0" clr-version="2.0.50727.1433" os-version="Unix 2.6.31.12" platform="Unix" cwd="/home/jackson/Projects/mango/template/minge" machine-name="linux-7axw" user="jackson" user-domain="linux-7axw" />
  <culture-info current-culture="en-US" current-uiculture="en-US" />
  <test-suite name="minge-unit-tests.dll" success="False" time="0.696" asserts="0">
    <results>
      <test-suite name="Mango" success="False" time="0.678" asserts="0">
        <results>
          <test-suite name="Templates" success="False" time="0.678" asserts="0">
            <results>
              <test-suite name="Minge" success="False" time="0.669" asserts="0">
                <results>
                  <test-suite name="Tests" success="False" time="0.664" asserts="0">
                    <results>
                      <test-suite name="DataTest" success="False" time="0.525" asserts="0">
                        <results>
                          <test-case name="Mango.Templates.Minge.Tests.DataTest.Chars" executed="True" success="True" time="0.354" asserts="1" />
                          <test-case name="Mango.Templates.Minge.Tests.DataTest.Multiline" executed="True" success="True" time="0.000" asserts="0" />
                          <test-case name="Mango.Templates.Minge.Tests.DataTest.Numbers" executed="True" success="True" time="0.000" asserts="0" />
                          <test-case name="Mango.Templates.Minge.Tests.DataTest.QuotedStrings" executed="True" success="True" time="0.000" asserts="0" />
                          <test-case name="Mango.Templates.Minge.Tests.DataTest.SpecialChars" executed="True" success="True" time="0.000" asserts="0" />
                          <test-case name="Mango.Templates.Minge.Tests.DataTest.WhiteSpace" executed="True" success="False" time="0.166" asserts="0">
                            <failure>
                              <message><![CDATA[System.TypeLoadException : Could not load type 'templates.page_321127f7-37d4-4c4a-8901-8fe921233a50'.]]></message>
                              <stack-trace><![CDATA[at (wrapper managed-to-native) System.Reflection.Assembly:InternalGetType (System.Reflection.Module,string,bool,bool)
at System.Reflection.Assembly.GetType (System.String name, Boolean throwOnError, Boolean ignoreCase) [0x00028] in /home/jackson/Projects/mono/mcs/class/corlib/System.Reflection/Assembly.cs:386
at System.Reflection.Assembly.GetType (System.String name, Boolean throwOnError) [0x00000] in /home/jackson/Projects/mono/mcs/class/corlib/System.Reflection/Assembly.cs:369
at System.Runtime.Serialization.Formatters.Binary.ObjectReader.GetDeserializationType (Int64 assemblyId, System.String className) [0x0003f] in /home/jackson/Projects/mono/mcs/class/corlib/System.Runtime.Serialization.Formatters.Binary/ObjectReader.cs:833
at System.Runtime.Serialization.Formatters.Binary.ObjectReader.ReadTypeMetadata (System.IO.BinaryReader reader, Boolean isRuntimeObject, Boolean hasTypeInfo) [0x000a8] in /home/jackson/Projects/mono/mcs/class/corlib/System.Runtime.Serialization.Formatters.Binary/ObjectReader.cs:637
at System.Runtime.Serialization.Formatters.Binary.ObjectReader.ReadObjectInstance (System.IO.BinaryReader reader, Boolean isRuntimeObject, Boolean hasTypeInfo, System.Int64& objectId, System.Object& value, System.Runtime.Serialization.SerializationInfo& info) [0x0000a] in /home/jackson/Projects/mono/mcs/class/corlib/System.Runtime.Serialization.Formatters.Binary/ObjectReader.cs:269
at System.Runtime.Serialization.Formatters.Binary.ObjectReader.ReadObject (BinaryElement element, System.IO.BinaryReader reader, System.Int64& objectId, System.Object& value, System.Runtime.Serialization.SerializationInfo& info) [0x0009d] in /home/jackson/Projects/mono/mcs/class/corlib/System.Runtime.Serialization.Formatters.Binary/ObjectReader.cs:195
at System.Runtime.Serialization.Formatters.Binary.ObjectReader.ReadObject (BinaryElement element, System.IO.BinaryReader reader, System.Int64& objectId, System.Object& value, System.Runtime.Serialization.SerializationInfo& info) [0x00105] in /home/jackson/Projects/mono/mcs/class/corlib/System.Runtime.Serialization.Formatters.Binary/ObjectReader.cs:223
at System.Runtime.Serialization.Formatters.Binary.ObjectReader.ReadNextObject (BinaryElement element, System.IO.BinaryReader reader) [0x00020] in /home/jackson/Projects/mono/mcs/class/corlib/System.Runtime.Serialization.Formatters.Binary/ObjectReader.cs:130
at System.Runtime.Serialization.Formatters.Binary.ObjectReader.ReadObjectGraph (BinaryElement elem, System.IO.BinaryReader reader, Boolean readHeaders, System.Object& result, System.Runtime.Remoting.Messaging.Header[]& headers) [0x00004] in /home/jackson/Projects/mono/mcs/class/corlib/System.Runtime.Serialization.Formatters.Binary/ObjectReader.cs:104
at System.Runtime.Serialization.Formatters.Binary.BinaryFormatter.NoCheckDeserialize (System.IO.Stream serializationStream, System.Runtime.Remoting.Messaging.HeaderHandler handler) [0x00078] in /home/jackson/Projects/mono/mcs/class/corlib/System.Runtime.Serialization.Formatters.Binary/BinaryFormatter.cs:177
at System.Runtime.Serialization.Formatters.Binary.BinaryFormatter.Deserialize (System.IO.Stream serializationStream) [0x00000] in /home/jackson/Projects/mono/mcs/class/corlib/System.Runtime.Serialization.Formatters.Binary/BinaryFormatter.cs:134
at System.Runtime.Remoting.RemotingServices.DeserializeCallData (System.Byte[] array) [0x0000f] in /home/jackson/Projects/mono/mcs/class/corlib/System.Runtime.Remoting/RemotingServices.cs:793
at (wrapper xdomain-invoke) System.AppDomain:CreateInstanceAndUnwrap (string,string)
at (wrapper remoting-invoke-with-check) System.AppDomain:CreateInstanceAndUnwrap (string,string)
at Mango.Templates.Minge.Tests.MingeTest.RenderString (System.String str, System.Collections.Generic.Dictionary`2 the_args) [0x000d8] in /home/jackson/Projects/mango/template/minge/tests/minge-test.cs:44
at Mango.Templates.Minge.Tests.DataTest.WhiteSpace () [0x00000] in /home/jackson/Projects/mango/template/minge/tests/data-test.cs:22
at (wrapper managed-to-native) System.Reflection.MonoMethod:InternalInvoke (object,object[],System.Exception&)
at System.Reflection.MonoMethod.Invoke (System.Object obj, BindingFlags invokeAttr, System.Reflection.Binder binder, System.Object[] parameters, System.Globalization.CultureInfo culture) [0x000d0] in /home/jackson/Projects/mono/mcs/class/corlib/System.Reflection/MonoMethod.cs:213
]]></stack-trace>
                            </failure>
                          </test-case>
                        </results>
                      </test-suite>
                    </results>
                  </test-suite>
                </results>
              </test-suite>
            </results>
          </test-suite>
        </results>
      </test-suite>
    </results>
  </test-suite>
</test-results>